0 info it worked if it ends with ok
1 verbose cli [ '/home/ubuntu/.nvm/versions/node/v4.4.0/bin/node',
1 verbose cli   '/home/ubuntu/.nvm/versions/node/v4.4.0/bin/npm',
1 verbose cli   'install',
1 verbose cli   '-g',
1 verbose cli   'gul' ]
2 info using npm@2.14.20
3 info using node@v4.4.0
4 verbose install initial load of /home/ubuntu/.nvm/versions/node/v4.4.0/lib/package.json
5 verbose readDependencies loading dependencies from /home/ubuntu/.nvm/versions/node/v4.4.0/lib/package.json
6 silly cache add args [ 'gul', null ]
7 verbose cache add spec gul
8 silly cache add parsed spec Result {
8 silly cache add   raw: 'gul',
8 silly cache add   scope: null,
8 silly cache add   name: 'gul',
8 silly cache add   rawSpec: '',
8 silly cache add   spec: 'latest',
8 silly cache add   type: 'tag' }
9 silly addNamed gul@latest
10 verbose addNamed "latest" is being treated as a dist-tag for gul
11 info addNameTag [ 'gul', 'latest' ]
12 silly mapToRegistry name gul
13 silly mapToRegistry using default registry
14 silly mapToRegistry registry https://registry.npmjs.org/
15 silly mapToRegistry uri https://registry.npmjs.org/gul
16 verbose addNameTag registry:https://registry.npmjs.org/gul not in flight; fetching
17 verbose request uri https://registry.npmjs.org/gul
18 verbose request no auth needed
19 info attempt registry request try #1 at 11:30:25 PM
20 verbose request id 1642d9d986408a90
21 http request GET https://registry.npmjs.org/gul
22 http 404 https://registry.npmjs.org/gul
23 verbose headers { 'content-type': 'application/json',
23 verbose headers   'cache-control': 'max-age=0',
23 verbose headers   'content-length': '2',
23 verbose headers   'accept-ranges': 'bytes',
23 verbose headers   date: 'Fri, 29 Apr 2016 23:30:25 GMT',
23 verbose headers   via: '1.1 varnish',
23 verbose headers   age: '0',
23 verbose headers   connection: 'keep-alive',
23 verbose headers   'x-served-by': 'cache-ord1749-ORD',
23 verbose headers   'x-cache': 'MISS',
23 verbose headers   'x-cache-hits': '0',
23 verbose headers   'x-timer': 'S1461972625.444892,VS0,VE134',
23 verbose headers   vary: 'Accept-Encoding' }
24 silly get cb [ 404,
24 silly get   { 'content-type': 'application/json',
24 silly get     'cache-control': 'max-age=0',
24 silly get     'content-length': '2',
24 silly get     'accept-ranges': 'bytes',
24 silly get     date: 'Fri, 29 Apr 2016 23:30:25 GMT',
24 silly get     via: '1.1 varnish',
24 silly get     age: '0',
24 silly get     connection: 'keep-alive',
24 silly get     'x-served-by': 'cache-ord1749-ORD',
24 silly get     'x-cache': 'MISS',
24 silly get     'x-cache-hits': '0',
24 silly get     'x-timer': 'S1461972625.444892,VS0,VE134',
24 silly get     vary: 'Accept-Encoding' } ]
25 verbose stack Error: Registry returned 404 for GET on https://registry.npmjs.org/gul
25 verbose stack     at makeError (/home/ubuntu/.nvm/versions/node/v4.4.0/lib/node_modules/npm/node_modules/npm-registry-client/lib/request.js:264:12)
25 verbose stack     at CachingRegistryClient.<anonymous> (/home/ubuntu/.nvm/versions/node/v4.4.0/lib/node_modules/npm/node_modules/npm-registry-client/lib/request.js:242:14)
25 verbose stack     at Request._callback (/home/ubuntu/.nvm/versions/node/v4.4.0/lib/node_modules/npm/node_modules/npm-registry-client/lib/request.js:172:14)
25 verbose stack     at Request.self.callback (/home/ubuntu/.nvm/versions/node/v4.4.0/lib/node_modules/npm/node_modules/request/request.js:199:22)
25 verbose stack     at emitTwo (events.js:87:13)
25 verbose stack     at Request.emit (events.js:172:7)
25 verbose stack     at Request.<anonymous> (/home/ubuntu/.nvm/versions/node/v4.4.0/lib/node_modules/npm/node_modules/request/request.js:1036:10)
25 verbose stack     at emitOne (events.js:82:20)
25 verbose stack     at Request.emit (events.js:169:7)
25 verbose stack     at IncomingMessage.<anonymous> (/home/ubuntu/.nvm/versions/node/v4.4.0/lib/node_modules/npm/node_modules/request/request.js:963:12)
26 verbose statusCode 404
27 verbose pkgid gul
28 verbose cwd /home/ubuntu/workspace/M2/A3/AJS
29 error Linux 4.2.0-c9
30 error argv "/home/ubuntu/.nvm/versions/node/v4.4.0/bin/node" "/home/ubuntu/.nvm/versions/node/v4.4.0/bin/npm" "install" "-g" "gul"
31 error node v4.4.0
32 error npm  v2.14.20
33 error code E404
34 error 404 Registry returned 404 for GET on https://registry.npmjs.org/gul
34 error 404
34 error 404 'gul' is not in the npm registry.
34 error 404 You should bug the author to publish it (or use the name yourself!)
34 error 404
34 error 404 Note that you can also install from a
34 error 404 tarball, folder, http url, or git url.
35 verbose exit [ 1, true ]
